生成启动时间为 2014/7/5 1:23:01。
     1>项目“H:\ProgramTest\PicManager\PicManager\PicManager.vcxproj”在节点 2 上(Build 个目标)。
     1>ClCompile:
         C:\Program Files (x86)\Microsoft Visual Studio 11.0\VC\bin\CL.exe /c /I"“H:\ProgramTest\PicManager\PicManager\”“H:\ProgramTest\PicManager\PicManager\inc”" /ZI /nologo /W3 /WX- /sdl /Od /Oy- /D WIN32 /D _WINDOWS /D _DEBUG /D _MBCS /D _AFXDLL /Gm /EHsc /RTC1 /MDd /GS /fp:precise /Zc:wchar_t /Zc:forScope /Yc"stdafx.h" /Fp"Debug\PicManager.pch" /Fo"Debug\\" /Fd"Debug\vc110.pdb" /Gd /TP /analyze- /errorReport:prompt stdafx.cpp
         stdafx.cpp
         C:\Program Files (x86)\Microsoft Visual Studio 11.0\VC\bin\CL.exe /c /I"“H:\ProgramTest\PicManager\PicManager\”“H:\ProgramTest\PicManager\PicManager\inc”" /ZI /nologo /W3 /WX- /sdl /Od /Oy- /D WIN32 /D _WINDOWS /D _DEBUG /D _MBCS /D _AFXDLL /Gm /EHsc /RTC1 /MDd /GS /fp:precise /Zc:wchar_t /Zc:forScope /Yu"stdafx.h" /Fp"Debug\PicManager.pch" /Fo"Debug\\" /Fd"Debug\vc110.pdb" /Gd /TP /analyze- /errorReport:prompt PicManager.cpp PicManagerDlg.cpp RenameDlg.cpp
         RenameDlg.cpp
         PicManagerDlg.cpp
         PicManager.cpp
         正在生成代码...
       ResourceCompile:
         C:\Program Files (x86)\Windows Kits\8.0\bin\x86\rc.exe /D _DEBUG /D _AFXDLL /l"0x0804" /IDebug\ /nologo /fo"Debug\PicManagerDlg.res" PicManagerDlg.rc 
       Link:
         C:\Program Files (x86)\Microsoft Visual Studio 11.0\VC\bin\link.exe /ERRORREPORT:PROMPT /OUT:"H:\ProgramTest\PicManager\Debug\PicManager.exe" /INCREMENTAL /NOLOGO /MANIFEST /MANIFESTUAC:"level='asInvoker' uiAccess='false'" /manifest:embed /manifestinput:"C:\Program Files (x86)\Microsoft Visual Studio 11.0\VC\Include\Manifest\dpiaware.manifest" /DEBUG /PDB:"H:\ProgramTest\PicManager\Debug\PicManager.pdb" /SUBSYSTEM:WINDOWS /TLBID:1 /DYNAMICBASE /NXCOMPAT /IMPLIB:"H:\ProgramTest\PicManager\Debug\PicManager.lib" /MACHINE:X86 Debug\PicManagerDlg.res
         Debug\PicManager.obj
         Debug\PicManagerDlg.obj
         Debug\RenameDlg.obj
         Debug\stdafx.obj
         PicManager.vcxproj -> H:\ProgramTest\PicManager\Debug\PicManager.exe
     1>已完成生成项目“H:\ProgramTest\PicManager\PicManager\PicManager.vcxproj”(Build 个目标)的操作。

生成成功。

已用时间 00:00:25.32
