H:\PROGRAMTEST\PICMANAGER\PICMANAGER\DEBUG\VC110.PDB
H:\PROGRAMTEST\PICMANAGER\PICMANAGER\DEBUG\PICMANAGER.PCH
H:\PROGRAMTEST\PICMANAGER\PICMANAGER\DEBUG\STDAFX.OBJ
H:\PROGRAMTEST\PICMANAGER\PICMANAGER\DEBUG\PICMANAGER.OBJ
H:\PROGRAMTEST\PICMANAGER\PICMANAGER\DEBUG\RENAMEDLG.OBJ
H:\PROGRAMTEST\PICMANAGER\PICMANAGER\DEBUG\PICMANAGERDLG.OBJ
H:\PROGRAMTEST\PICMANAGER\DEBUG\PICMANAGER.ILK
H:\PROGRAMTEST\PICMANAGER\DEBUG\PICMANAGER.EXE
H:\PROGRAMTEST\PICMANAGER\DEBUG\PICMANAGER.PDB
H:\PROGRAMTEST\PICMANAGER\PICMANAGER\DEBUG\PICMANAGERDLG.RES
H:\ProgramTest\PicManager\PicManager\Debug\PicManager.obj
H:\ProgramTest\PicManager\PicManager\Debug\PicManagerDlg.obj
H:\ProgramTest\PicManager\PicManager\Debug\RenameDlg.obj
H:\ProgramTest\PicManager\PicManager\Debug\stdafx.obj
H:\ProgramTest\PicManager\PicManager\Debug\cl.command.1.tlog
H:\ProgramTest\PicManager\PicManager\Debug\CL.read.1.tlog
H:\ProgramTest\PicManager\PicManager\Debug\CL.write.1.tlog
H:\ProgramTest\PicManager\PicManager\Debug\link-cvtres.read.1.tlog
H:\ProgramTest\PicManager\PicManager\Debug\link-cvtres.write.1.tlog
H:\ProgramTest\PicManager\PicManager\Debug\link-mt.read.1.tlog
H:\ProgramTest\PicManager\PicManager\Debug\link-mt.write.1.tlog
H:\ProgramTest\PicManager\PicManager\Debug\link-rc.read.1.tlog
H:\ProgramTest\PicManager\PicManager\Debug\link-rc.write.1.tlog
H:\ProgramTest\PicManager\PicManager\Debug\link.10000-cvtres.read.1.tlog
H:\ProgramTest\PicManager\PicManager\Debug\link.10000-cvtres.write.1.tlog
H:\ProgramTest\PicManager\PicManager\Debug\link.10000-mt.read.1.tlog
H:\ProgramTest\PicManager\PicManager\Debug\link.10000-mt.write.1.tlog
H:\ProgramTest\PicManager\PicManager\Debug\link.10000-rc.read.1.tlog
H:\ProgramTest\PicManager\PicManager\Debug\link.10000-rc.write.1.tlog
H:\ProgramTest\PicManager\PicManager\Debug\link.10000.read.1.tlog
H:\ProgramTest\PicManager\PicManager\Debug\link.10000.write.1.tlog
H:\ProgramTest\PicManager\PicManager\Debug\link.10004-cvtres.read.1.tlog
H:\ProgramTest\PicManager\PicManager\Debug\link.10004-cvtres.write.1.tlog
H:\ProgramTest\PicManager\PicManager\Debug\link.10004-mt.read.1.tlog
H:\ProgramTest\PicManager\PicManager\Debug\link.10004-mt.write.1.tlog
H:\ProgramTest\PicManager\PicManager\Debug\link.10004-rc.read.1.tlog
H:\ProgramTest\PicManager\PicManager\Debug\link.10004-rc.write.1.tlog
H:\ProgramTest\PicManager\PicManager\Debug\link.10004.read.1.tlog
H:\ProgramTest\PicManager\PicManager\Debug\link.10004.write.1.tlog
H:\ProgramTest\PicManager\PicManager\Debug\link.10812-cvtres.read.1.tlog
H:\ProgramTest\PicManager\PicManager\Debug\link.10812-cvtres.write.1.tlog
H:\ProgramTest\PicManager\PicManager\Debug\link.10812-mt.read.1.tlog
H:\ProgramTest\PicManager\PicManager\Debug\link.10812-mt.write.1.tlog
H:\ProgramTest\PicManager\PicManager\Debug\link.10812-rc.read.1.tlog
H:\ProgramTest\PicManager\PicManager\Debug\link.10812-rc.write.1.tlog
H:\ProgramTest\PicManager\PicManager\Debug\link.10812.read.1.tlog
H:\ProgramTest\PicManager\PicManager\Debug\link.10812.write.1.tlog
H:\ProgramTest\PicManager\PicManager\Debug\link.10836-cvtres.read.1.tlog
H:\ProgramTest\PicManager\PicManager\Debug\link.10836-cvtres.write.1.tlog
H:\ProgramTest\PicManager\PicManager\Debug\link.10836-mt.read.1.tlog
H:\ProgramTest\PicManager\PicManager\Debug\link.10836-mt.write.1.tlog
H:\ProgramTest\PicManager\PicManager\Debug\link.10836-rc.read.1.tlog
H:\ProgramTest\PicManager\PicManager\Debug\link.10836-rc.write.1.tlog
H:\ProgramTest\PicManager\PicManager\Debug\link.10836.read.1.tlog
H:\ProgramTest\PicManager\PicManager\Debug\link.10836.write.1.tlog
H:\ProgramTest\PicManager\PicManager\Debug\link.11152-cvtres.read.1.tlog
H:\ProgramTest\PicManager\PicManager\Debug\link.11152-cvtres.write.1.tlog
H:\ProgramTest\PicManager\PicManager\Debug\link.11152-mt.read.1.tlog
H:\ProgramTest\PicManager\PicManager\Debug\link.11152-mt.write.1.tlog
H:\ProgramTest\PicManager\PicManager\Debug\link.11152-rc.read.1.tlog
H:\ProgramTest\PicManager\PicManager\Debug\link.11152-rc.write.1.tlog
H:\ProgramTest\PicManager\PicManager\Debug\link.11152.read.1.tlog
H:\ProgramTest\PicManager\PicManager\Debug\link.11152.write.1.tlog
H:\ProgramTest\PicManager\PicManager\Debug\link.11364-cvtres.read.1.tlog
H:\ProgramTest\PicManager\PicManager\Debug\link.11364-cvtres.write.1.tlog
H:\ProgramTest\PicManager\PicManager\Debug\link.11364-mt.read.1.tlog
H:\ProgramTest\PicManager\PicManager\Debug\link.11364-mt.write.1.tlog
H:\ProgramTest\PicManager\PicManager\Debug\link.11364-rc.read.1.tlog
H:\ProgramTest\PicManager\PicManager\Debug\link.11364-rc.write.1.tlog
H:\ProgramTest\PicManager\PicManager\Debug\link.11364.read.1.tlog
H:\ProgramTest\PicManager\PicManager\Debug\link.11364.write.1.tlog
H:\ProgramTest\PicManager\PicManager\Debug\link.11688-cvtres.read.1.tlog
H:\ProgramTest\PicManager\PicManager\Debug\link.11688-cvtres.write.1.tlog
H:\ProgramTest\PicManager\PicManager\Debug\link.11688-mt.read.1.tlog
H:\ProgramTest\PicManager\PicManager\Debug\link.11688-mt.write.1.tlog
H:\ProgramTest\PicManager\PicManager\Debug\link.11688-rc.read.1.tlog
H:\ProgramTest\PicManager\PicManager\Debug\link.11688-rc.write.1.tlog
H:\ProgramTest\PicManager\PicManager\Debug\link.11688.read.1.tlog
H:\ProgramTest\PicManager\PicManager\Debug\link.11688.write.1.tlog
H:\ProgramTest\PicManager\PicManager\Debug\link.12148-cvtres.read.1.tlog
H:\ProgramTest\PicManager\PicManager\Debug\link.12148-cvtres.write.1.tlog
H:\ProgramTest\PicManager\PicManager\Debug\link.12148-mt.read.1.tlog
H:\ProgramTest\PicManager\PicManager\Debug\link.12148-mt.write.1.tlog
H:\ProgramTest\PicManager\PicManager\Debug\link.12148-rc.read.1.tlog
H:\ProgramTest\PicManager\PicManager\Debug\link.12148-rc.write.1.tlog
H:\ProgramTest\PicManager\PicManager\Debug\link.12148.read.1.tlog
H:\ProgramTest\PicManager\PicManager\Debug\link.12148.write.1.tlog
H:\ProgramTest\PicManager\PicManager\Debug\link.12752-cvtres.read.1.tlog
H:\ProgramTest\PicManager\PicManager\Debug\link.12752-cvtres.write.1.tlog
H:\ProgramTest\PicManager\PicManager\Debug\link.12752-mt.read.1.tlog
H:\ProgramTest\PicManager\PicManager\Debug\link.12752-mt.write.1.tlog
H:\ProgramTest\PicManager\PicManager\Debug\link.12752-rc.read.1.tlog
H:\ProgramTest\PicManager\PicManager\Debug\link.12752-rc.write.1.tlog
H:\ProgramTest\PicManager\PicManager\Debug\link.12752.read.1.tlog
H:\ProgramTest\PicManager\PicManager\Debug\link.12752.write.1.tlog
H:\ProgramTest\PicManager\PicManager\Debug\link.13612-cvtres.read.1.tlog
H:\ProgramTest\PicManager\PicManager\Debug\link.13612-cvtres.write.1.tlog
H:\ProgramTest\PicManager\PicManager\Debug\link.13612-mt.read.1.tlog
H:\ProgramTest\PicManager\PicManager\Debug\link.13612-mt.write.1.tlog
H:\ProgramTest\PicManager\PicManager\Debug\link.13612-rc.read.1.tlog
H:\ProgramTest\PicManager\PicManager\Debug\link.13612-rc.write.1.tlog
H:\ProgramTest\PicManager\PicManager\Debug\link.13612.read.1.tlog
H:\ProgramTest\PicManager\PicManager\Debug\link.13612.write.1.tlog
H:\ProgramTest\PicManager\PicManager\Debug\link.13908-cvtres.read.1.tlog
H:\ProgramTest\PicManager\PicManager\Debug\link.13908-cvtres.write.1.tlog
H:\ProgramTest\PicManager\PicManager\Debug\link.13908-mt.read.1.tlog
H:\ProgramTest\PicManager\PicManager\Debug\link.13908-mt.write.1.tlog
H:\ProgramTest\PicManager\PicManager\Debug\link.13908-rc.read.1.tlog
H:\ProgramTest\PicManager\PicManager\Debug\link.13908-rc.write.1.tlog
H:\ProgramTest\PicManager\PicManager\Debug\link.13908.read.1.tlog
H:\ProgramTest\PicManager\PicManager\Debug\link.13908.write.1.tlog
H:\ProgramTest\PicManager\PicManager\Debug\link.2732-cvtres.read.1.tlog
H:\ProgramTest\PicManager\PicManager\Debug\link.2732-cvtres.write.1.tlog
H:\ProgramTest\PicManager\PicManager\Debug\link.2732-mt.read.1.tlog
H:\ProgramTest\PicManager\PicManager\Debug\link.2732-mt.write.1.tlog
H:\ProgramTest\PicManager\PicManager\Debug\link.2732-rc.read.1.tlog
H:\ProgramTest\PicManager\PicManager\Debug\link.2732-rc.write.1.tlog
H:\ProgramTest\PicManager\PicManager\Debug\link.2732.read.1.tlog
H:\ProgramTest\PicManager\PicManager\Debug\link.2732.write.1.tlog
H:\ProgramTest\PicManager\PicManager\Debug\link.4792-cvtres.read.1.tlog
H:\ProgramTest\PicManager\PicManager\Debug\link.4792-cvtres.write.1.tlog
H:\ProgramTest\PicManager\PicManager\Debug\link.4792-mt.read.1.tlog
H:\ProgramTest\PicManager\PicManager\Debug\link.4792-mt.write.1.tlog
H:\ProgramTest\PicManager\PicManager\Debug\link.4792-rc.read.1.tlog
H:\ProgramTest\PicManager\PicManager\Debug\link.4792-rc.write.1.tlog
H:\ProgramTest\PicManager\PicManager\Debug\link.4792.read.1.tlog
H:\ProgramTest\PicManager\PicManager\Debug\link.4792.write.1.tlog
H:\ProgramTest\PicManager\PicManager\Debug\link.6224-cvtres.read.1.tlog
H:\ProgramTest\PicManager\PicManager\Debug\link.6224-cvtres.write.1.tlog
H:\ProgramTest\PicManager\PicManager\Debug\link.6224-mt.read.1.tlog
H:\ProgramTest\PicManager\PicManager\Debug\link.6224-mt.write.1.tlog
H:\ProgramTest\PicManager\PicManager\Debug\link.6224-rc.read.1.tlog
H:\ProgramTest\PicManager\PicManager\Debug\link.6224-rc.write.1.tlog
H:\ProgramTest\PicManager\PicManager\Debug\link.6224.read.1.tlog
H:\ProgramTest\PicManager\PicManager\Debug\link.6224.write.1.tlog
H:\ProgramTest\PicManager\PicManager\Debug\link.6300-cvtres.read.1.tlog
H:\ProgramTest\PicManager\PicManager\Debug\link.6300-cvtres.write.1.tlog
H:\ProgramTest\PicManager\PicManager\Debug\link.6300-mt.read.1.tlog
H:\ProgramTest\PicManager\PicManager\Debug\link.6300-mt.write.1.tlog
H:\ProgramTest\PicManager\PicManager\Debug\link.6300-rc.read.1.tlog
H:\ProgramTest\PicManager\PicManager\Debug\link.6300-rc.write.1.tlog
H:\ProgramTest\PicManager\PicManager\Debug\link.6300.read.1.tlog
H:\ProgramTest\PicManager\PicManager\Debug\link.6300.write.1.tlog
H:\ProgramTest\PicManager\PicManager\Debug\link.6972-cvtres.read.1.tlog
H:\ProgramTest\PicManager\PicManager\Debug\link.6972-cvtres.write.1.tlog
H:\ProgramTest\PicManager\PicManager\Debug\link.6972-mt.read.1.tlog
H:\ProgramTest\PicManager\PicManager\Debug\link.6972-mt.write.1.tlog
H:\ProgramTest\PicManager\PicManager\Debug\link.6972-rc.read.1.tlog
H:\ProgramTest\PicManager\PicManager\Debug\link.6972-rc.write.1.tlog
H:\ProgramTest\PicManager\PicManager\Debug\link.6972.read.1.tlog
H:\ProgramTest\PicManager\PicManager\Debug\link.6972.write.1.tlog
H:\ProgramTest\PicManager\PicManager\Debug\link.7044-cvtres.read.1.tlog
H:\ProgramTest\PicManager\PicManager\Debug\link.7044-cvtres.write.1.tlog
H:\ProgramTest\PicManager\PicManager\Debug\link.7044-mt.read.1.tlog
H:\ProgramTest\PicManager\PicManager\Debug\link.7044-mt.write.1.tlog
H:\ProgramTest\PicManager\PicManager\Debug\link.7044-rc.read.1.tlog
H:\ProgramTest\PicManager\PicManager\Debug\link.7044-rc.write.1.tlog
H:\ProgramTest\PicManager\PicManager\Debug\link.7044.read.1.tlog
H:\ProgramTest\PicManager\PicManager\Debug\link.7044.write.1.tlog
H:\ProgramTest\PicManager\PicManager\Debug\link.880-cvtres.read.1.tlog
H:\ProgramTest\PicManager\PicManager\Debug\link.880-cvtres.write.1.tlog
H:\ProgramTest\PicManager\PicManager\Debug\link.880-mt.read.1.tlog
H:\ProgramTest\PicManager\PicManager\Debug\link.880-mt.write.1.tlog
H:\ProgramTest\PicManager\PicManager\Debug\link.880-rc.read.1.tlog
H:\ProgramTest\PicManager\PicManager\Debug\link.880-rc.write.1.tlog
H:\ProgramTest\PicManager\PicManager\Debug\link.880.read.1.tlog
H:\ProgramTest\PicManager\PicManager\Debug\link.880.write.1.tlog
H:\ProgramTest\PicManager\PicManager\Debug\link.9264-cvtres.read.1.tlog
H:\ProgramTest\PicManager\PicManager\Debug\link.9264-cvtres.write.1.tlog
H:\ProgramTest\PicManager\PicManager\Debug\link.9264-mt.read.1.tlog
H:\ProgramTest\PicManager\PicManager\Debug\link.9264-mt.write.1.tlog
H:\ProgramTest\PicManager\PicManager\Debug\link.9264-rc.read.1.tlog
H:\ProgramTest\PicManager\PicManager\Debug\link.9264-rc.write.1.tlog
H:\ProgramTest\PicManager\PicManager\Debug\link.9264.read.1.tlog
H:\ProgramTest\PicManager\PicManager\Debug\link.9264.write.1.tlog
H:\ProgramTest\PicManager\PicManager\Debug\link.9920-cvtres.read.1.tlog
H:\ProgramTest\PicManager\PicManager\Debug\link.9920-cvtres.write.1.tlog
H:\ProgramTest\PicManager\PicManager\Debug\link.9920-mt.read.1.tlog
H:\ProgramTest\PicManager\PicManager\Debug\link.9920-mt.write.1.tlog
H:\ProgramTest\PicManager\PicManager\Debug\link.9920-rc.read.1.tlog
H:\ProgramTest\PicManager\PicManager\Debug\link.9920-rc.write.1.tlog
H:\ProgramTest\PicManager\PicManager\Debug\link.9920.read.1.tlog
H:\ProgramTest\PicManager\PicManager\Debug\link.9920.write.1.tlog
H:\ProgramTest\PicManager\PicManager\Debug\link.9968-cvtres.read.1.tlog
H:\ProgramTest\PicManager\PicManager\Debug\link.9968-cvtres.write.1.tlog
H:\ProgramTest\PicManager\PicManager\Debug\link.9968-mt.read.1.tlog
H:\ProgramTest\PicManager\PicManager\Debug\link.9968-mt.write.1.tlog
H:\ProgramTest\PicManager\PicManager\Debug\link.9968-rc.read.1.tlog
H:\ProgramTest\PicManager\PicManager\Debug\link.9968-rc.write.1.tlog
H:\ProgramTest\PicManager\PicManager\Debug\link.9968.read.1.tlog
H:\ProgramTest\PicManager\PicManager\Debug\link.9968.write.1.tlog
H:\ProgramTest\PicManager\PicManager\Debug\link.command.1.tlog
H:\ProgramTest\PicManager\PicManager\Debug\link.read.1.tlog
H:\ProgramTest\PicManager\PicManager\Debug\link.write.1.tlog
H:\ProgramTest\PicManager\PicManager\Debug\rc.command.1.tlog
H:\ProgramTest\PicManager\PicManager\Debug\rc.read.1.tlog
H:\ProgramTest\PicManager\PicManager\Debug\rc.write.1.tlog
H:\ProgramTest\PicManager\PicManager\Debug\PicManager.res
H:\ProgramTest\PicManager\PicManager\Debug\PicManagerDlg.res
H:\ProgramTest\PicManager\PicManager\Debug\PicManager.pch
H:\ProgramTest\PicManager\PicManager\Debug\vc110.idb
H:\ProgramTest\PicManager\PicManager\Debug\vc110.pdb
H:\ProgramTest\PicManager\Debug\PicManager.pdb
H:\ProgramTest\PicManager\Debug\PicManager.exe
H:\ProgramTest\PicManager\Debug\PicManager.ilk
